<?xml version="1.0" encoding="UTF-8"?>
<!-- Generated by org.testng.reporters.JUnitXMLReporter -->
<testsuite ignored="1" hostname="ROHIT" failures="0" tests="6" name="Default test" time="0.065" errors="0" timestamp="2022-04-12T22:08:50 IST">
  <testcase classname="TestNG.priority2" name="A" time="0.011"/>
  <testcase classname="TestNG.priority2" name="C" time="0.001"/>
  <testcase classname="TestNG.priority2" name="C" time="0.0"/>
  <testcase classname="TestNG.priority2" name="C" time="0.002"/>
  <testcase classname="TestNG.priority2" name="B" time="0.001"/>
  <testcase classname="TestNG.priority2" name="D" time="0.001"/>
  <testcase classname="TestNG.priority2" name="E" time="0.0">
    <ignored/>
  </testcase> <!-- E -->
</testsuite> <!-- Default test -->
