<?xml version="1.0" encoding="UTF-8"?>
<testng-results ignored="0" total="1" passed="1" failed="0" skipped="0">
  <reporter-output>
  </reporter-output>
  <suite started-at="2022-04-02T12:34:22 IST" name="Default suite" finished-at="2022-04-02T12:34:28 IST" duration-ms="6209">
    <groups>
    </groups>
    <test started-at="2022-04-02T12:34:22 IST" name="Default test" finished-at="2022-04-02T12:34:28 IST" duration-ms="6209">
      <class name="com.test2.logIN">
        <test-method is-config="true" signature="BM()[pri:0, instance:com.test2.logIN@3d5c822d]" started-at="2022-04-02T12:34:22 IST" name="BM" finished-at="2022-04-02T12:34:28 IST" duration-ms="5443" status="PASS">
          <reporter-output>
          </reporter-output>
        </test-method> <!-- BM -->
        <test-method signature="verifytest()[pri:0, instance:com.test2.logIN@3d5c822d]" started-at="2022-04-02T12:34:28 IST" name="verifytest" finished-at="2022-04-02T12:34:28 IST" duration-ms="460" status="PASS">
          <reporter-output>
          </reporter-output>
        </test-method> <!-- verifytest -->
        <test-method is-config="true" signature="AM()[pri:0, instance:com.test2.logIN@3d5c822d]" started-at="2022-04-02T12:34:28 IST" name="AM" finished-at="2022-04-02T12:34:28 IST" duration-ms="239" status="PASS">
          <reporter-output>
          </reporter-output>
        </test-method> <!-- AM -->
      </class> <!-- com.test2.logIN -->
    </test> <!-- Default test -->
  </suite> <!-- Default suite -->
</testng-results>
