<?xml version="1.0" encoding="UTF-8"?>
<testng-results ignored="1" total="7" passed="6" failed="0" skipped="0">
  <reporter-output>
  </reporter-output>
  <suite started-at="2022-04-12T22:08:50 IST" name="Default suite" finished-at="2022-04-12T22:08:50 IST" duration-ms="65">
    <groups>
    </groups>
    <test started-at="2022-04-12T22:08:50 IST" name="Default test" finished-at="2022-04-12T22:08:50 IST" duration-ms="65">
      <class name="TestNG.priority2">
        <test-method signature="A()[pri:-1, instance:TestNG.priority2@33990a0c]" started-at="2022-04-12T22:08:50 IST" name="A" finished-at="2022-04-12T22:08:50 IST" duration-ms="11" status="PASS">
          <reporter-output>
          </reporter-output>
        </test-method> <!-- A -->
        <test-method signature="C()[pri:0, instance:TestNG.priority2@33990a0c]" started-at="2022-04-12T22:08:50 IST" name="C" finished-at="2022-04-12T22:08:50 IST" duration-ms="1" status="PASS">
          <reporter-output>
          </reporter-output>
        </test-method> <!-- C -->
        <test-method signature="C()[pri:0, instance:TestNG.priority2@33990a0c]" started-at="2022-04-12T22:08:50 IST" name="C" finished-at="2022-04-12T22:08:50 IST" duration-ms="0" status="PASS">
          <reporter-output>
          </reporter-output>
        </test-method> <!-- C -->
        <test-method signature="C()[pri:0, instance:TestNG.priority2@33990a0c]" started-at="2022-04-12T22:08:50 IST" name="C" finished-at="2022-04-12T22:08:50 IST" duration-ms="2" status="PASS">
          <reporter-output>
          </reporter-output>
        </test-method> <!-- C -->
        <test-method signature="B()[pri:1, instance:TestNG.priority2@33990a0c]" started-at="2022-04-12T22:08:50 IST" name="B" finished-at="2022-04-12T22:08:50 IST" duration-ms="1" status="PASS">
          <reporter-output>
          </reporter-output>
        </test-method> <!-- B -->
        <test-method signature="D()[pri:2, instance:TestNG.priority2@33990a0c]" started-at="2022-04-12T22:08:50 IST" name="D" finished-at="2022-04-12T22:08:50 IST" duration-ms="1" status="PASS">
          <reporter-output>
          </reporter-output>
        </test-method> <!-- D -->
      </class> <!-- TestNG.priority2 -->
    </test> <!-- Default test -->
  </suite> <!-- Default suite -->
</testng-results>
