<?xml version="1.0" encoding="UTF-8"?>
<!-- Generated by org.testng.reporters.JUnitXMLReporter -->
<testsuite ignored="3" hostname="ROHIT" failures="0" tests="2" name="Sanity Test" time="0.065" errors="0" timestamp="2022-03-28T18:20:56 IST">
  <testcase classname="TestNG.multiple_test_case" name="m2" time="0.011"/>
  <testcase classname="TestNG.multiple_test_case" name="m4" time="0.001"/>
  <testcase classname="TestNG.multiple_test_case" name="m1" time="0.0">
    <ignored/>
  </testcase> <!-- m1 -->
  <testcase classname="TestNG.multiple_test_case" name="m3" time="0.0">
    <ignored/>
  </testcase> <!-- m3 -->
  <testcase classname="TestNG.multiple_test_case" name="m5" time="0.0">
    <ignored/>
  </testcase> <!-- m5 -->
</testsuite> <!-- Sanity Test -->
